<?xml version="1.0" encoding="UTF-8"?>
<testsuite xmlns:xsi="http://www.w3.org/2001/XMLSchema-instance" xsi:noNamespaceSchemaLocation="https://maven.apache.org/surefire/maven-surefire-plugin/xsd/surefire-test-report-3.0.xsd" version="3.0" name="bakingappdemo.service.CardServiceTest" time="1.515" tests="7" errors="0" skipped="0" failures="0">
  <properties>
    <property name="java.specification.version" value="17"/>
    <property name="sun.cpu.isalist" value="amd64"/>
    <property name="sun.jnu.encoding" value="Cp1251"/>
    <property name="java.class.path" value="C:\Users\Bohdan\Downloads\bookstore-example-24\BankingDemo\target\test-classes;C:\Users\Bohdan\Downloads\bookstore-example-24\BankingDemo\target\classes;C:\Users\Bohdan\.m2\repository\org\springframework\boot\spring-boot-starter-data-jpa\3.1.3\spring-boot-starter-data-jpa-3.1.3.jar;C:\Users\Bohdan\.m2\repository\org\springframework\boot\spring-boot-starter-aop\3.1.3\spring-boot-starter-aop-3.1.3.jar;C:\Users\Bohdan\.m2\repository\org\aspectj\aspectjweaver\1.9.20\aspectjweaver-1.9.20.jar;C:\Users\Bohdan\.m2\repository\org\springframework\boot\spring-boot-starter-jdbc\3.1.3\spring-boot-starter-jdbc-3.1.3.jar;C:\Users\Bohdan\.m2\repository\com\zaxxer\HikariCP\5.0.1\HikariCP-5.0.1.jar;C:\Users\Bohdan\.m2\repository\org\springframework\spring-jdbc\6.0.11\spring-jdbc-6.0.11.jar;C:\Users\Bohdan\.m2\repository\org\hibernate\orm\hibernate-core\6.2.7.Final\hibernate-core-6.2.7.Final.jar;C:\Users\Bohdan\.m2\repository\jakarta\persistence\jakarta.persistence-api\3.1.0\jakarta.persistence-api-3.1.0.jar;C:\Users\Bohdan\.m2\repository\jakarta\transaction\jakarta.transaction-api\2.0.1\jakarta.transaction-api-2.0.1.jar;C:\Users\Bohdan\.m2\repository\org\jboss\logging\jboss-logging\3.5.3.Final\jboss-logging-3.5.3.Final.jar;C:\Users\Bohdan\.m2\repository\org\hibernate\common\hibernate-commons-annotations\6.0.6.Final\hibernate-commons-annotations-6.0.6.Final.jar;C:\Users\Bohdan\.m2\repository\io\smallrye\jandex\3.0.5\jandex-3.0.5.jar;C:\Users\Bohdan\.m2\repository\com\fasterxml\classmate\1.5.1\classmate-1.5.1.jar;C:\Users\Bohdan\.m2\repository\net\bytebuddy\byte-buddy\1.14.6\byte-buddy-1.14.6.jar;C:\Users\Bohdan\.m2\repository\org\glassfish\jaxb\jaxb-runtime\4.0.3\jaxb-runtime-4.0.3.jar;C:\Users\Bohdan\.m2\repository\org\glassfish\jaxb\jaxb-core\4.0.3\jaxb-core-4.0.3.jar;C:\Users\Bohdan\.m2\repository\org\eclipse\angus\angus-activation\2.0.1\angus-activation-2.0.1.jar;C:\Users\Bohdan\.m2\repository\org\glassfish\jaxb\txw2\4.0.3\txw2-4.0.3.jar;C:\Users\Bohdan\.m2\repository\com\sun\istack\istack-commons-runtime\4.1.2\istack-commons-runtime-4.1.2.jar;C:\Users\Bohdan\.m2\repository\jakarta\inject\jakarta.inject-api\2.0.1\jakarta.inject-api-2.0.1.jar;C:\Users\Bohdan\.m2\repository\org\antlr\antlr4-runtime\4.10.1\antlr4-runtime-4.10.1.jar;C:\Users\Bohdan\.m2\repository\org\springframework\data\spring-data-jpa\3.1.3\spring-data-jpa-3.1.3.jar;C:\Users\Bohdan\.m2\repository\org\springframework\data\spring-data-commons\3.1.3\spring-data-commons-3.1.3.jar;C:\Users\Bohdan\.m2\repository\org\springframework\spring-orm\6.0.11\spring-orm-6.0.11.jar;C:\Users\Bohdan\.m2\repository\org\springframework\spring-context\6.0.11\spring-context-6.0.11.jar;C:\Users\Bohdan\.m2\repository\org\springframework\spring-tx\6.0.11\spring-tx-6.0.11.jar;C:\Users\Bohdan\.m2\repository\org\springframework\spring-beans\6.0.11\spring-beans-6.0.11.jar;C:\Users\Bohdan\.m2\repository\jakarta\annotation\jakarta.annotation-api\2.1.1\jakarta.annotation-api-2.1.1.jar;C:\Users\Bohdan\.m2\repository\org\slf4j\slf4j-api\2.0.7\slf4j-api-2.0.7.jar;C:\Users\Bohdan\.m2\repository\org\springframework\spring-aspects\6.0.11\spring-aspects-6.0.11.jar;C:\Users\Bohdan\.m2\repository\org\springframework\boot\spring-boot-starter-security\3.1.3\spring-boot-starter-security-3.1.3.jar;C:\Users\Bohdan\.m2\repository\org\springframework\boot\spring-boot-starter\3.1.3\spring-boot-starter-3.1.3.jar;C:\Users\Bohdan\.m2\repository\org\springframework\boot\spring-boot\3.1.3\spring-boot-3.1.3.jar;C:\Users\Bohdan\.m2\repository\org\springframework\boot\spring-boot-autoconfigure\3.1.3\spring-boot-autoconfigure-3.1.3.jar;C:\Users\Bohdan\.m2\repository\org\springframework\boot\spring-boot-starter-logging\3.1.3\spring-boot-starter-logging-3.1.3.jar;C:\Users\Bohdan\.m2\repository\ch\qos\logback\logback-classic\1.4.11\logback-classic-1.4.11.jar;C:\Users\Bohdan\.m2\repository\ch\qos\logback\logback-core\1.4.11\logback-core-1.4.11.jar;C:\Users\Bohdan\.m2\repository\org\apache\logging\log4j\log4j-to-slf4j\2.20.0\log4j-to-slf4j-2.20.0.jar;C:\Users\Bohdan\.m2\repository\org\apache\logging\log4j\log4j-api\2.20.0\log4j-api-2.20.0.jar;C:\Users\Bohdan\.m2\repository\org\slf4j\jul-to-slf4j\2.0.7\jul-to-slf4j-2.0.7.jar;C:\Users\Bohdan\.m2\repository\org\yaml\snakeyaml\1.33\snakeyaml-1.33.jar;C:\Users\Bohdan\.m2\repository\org\springframework\spring-aop\6.0.11\spring-aop-6.0.11.jar;C:\Users\Bohdan\.m2\repository\org\springframework\security\spring-security-config\6.1.3\spring-security-config-6.1.3.jar;C:\Users\Bohdan\.m2\repository\org\springframework\security\spring-security-web\6.1.3\spring-security-web-6.1.3.jar;C:\Users\Bohdan\.m2\repository\org\springframework\spring-expression\6.0.11\spring-expression-6.0.11.jar;C:\Users\Bohdan\.m2\repository\org\springframework\boot\spring-boot-starter-web\3.1.3\spring-boot-starter-web-3.1.3.jar;C:\Users\Bohdan\.m2\repository\org\springframework\boot\spring-boot-starter-json\3.1.3\spring-boot-starter-json-3.1.3.jar;C:\Users\Bohdan\.m2\repository\com\fasterxml\jackson\core\jackson-databind\2.15.2\jackson-databind-2.15.2.jar;C:\Users\Bohdan\.m2\repository\com\fasterxml\jackson\core\jackson-annotations\2.15.2\jackson-annotations-2.15.2.jar;C:\Users\Bohdan\.m2\repository\com\fasterxml\jackson\core\jackson-core\2.15.2\jackson-core-2.15.2.jar;C:\Users\Bohdan\.m2\repository\com\fasterxml\jackson\datatype\jackson-datatype-jdk8\2.15.2\jackson-datatype-jdk8-2.15.2.jar;C:\Users\Bohdan\.m2\repository\com\fasterxml\jackson\datatype\jackson-datatype-jsr310\2.15.2\jackson-datatype-jsr310-2.15.2.jar;C:\Users\Bohdan\.m2\repository\com\fasterxml\jackson\module\jackson-module-parameter-names\2.15.2\jackson-module-parameter-names-2.15.2.jar;C:\Users\Bohdan\.m2\repository\org\springframework\boot\spring-boot-starter-tomcat\3.1.3\spring-boot-starter-tomcat-3.1.3.jar;C:\Users\Bohdan\.m2\repository\org\apache\tomcat\embed\tomcat-embed-core\10.1.12\tomcat-embed-core-10.1.12.jar;C:\Users\Bohdan\.m2\repository\org\apache\tomcat\embed\tomcat-embed-el\10.1.12\tomcat-embed-el-10.1.12.jar;C:\Users\Bohdan\.m2\repository\org\apache\tomcat\embed\tomcat-embed-websocket\10.1.12\tomcat-embed-websocket-10.1.12.jar;C:\Users\Bohdan\.m2\repository\org\springframework\spring-web\6.0.11\spring-web-6.0.11.jar;C:\Users\Bohdan\.m2\repository\io\micrometer\micrometer-observation\1.11.3\micrometer-observation-1.11.3.jar;C:\Users\Bohdan\.m2\repository\io\micrometer\micrometer-commons\1.11.3\micrometer-commons-1.11.3.jar;C:\Users\Bohdan\.m2\repository\org\springframework\spring-webmvc\6.0.11\spring-webmvc-6.0.11.jar;C:\Users\Bohdan\.m2\repository\com\vaadin\vaadin-spring-boot-starter\24.1.6\vaadin-spring-boot-starter-24.1.6.jar;C:\Users\Bohdan\.m2\repository\com\vaadin\vaadin-spring\24.1.7\vaadin-spring-24.1.7.jar;C:\Users\Bohdan\.m2\repository\com\vaadin\flow-server\24.1.7\flow-server-24.1.7.jar;C:\Users\Bohdan\.m2\repository\com\vaadin\servletdetector\throw-if-servlet3\1.0.2\throw-if-servlet3-1.0.2.jar;C:\Users\Bohdan\.m2\repository\com\vaadin\external\gwt\gwt-elemental\2.8.2.vaadin2\gwt-elemental-2.8.2.vaadin2.jar;C:\Users\Bohdan\.m2\repository\com\vaadin\flow-commons-upload\24.1.7\flow-commons-upload-24.1.7.jar;C:\Users\Bohdan\.m2\repository\commons-io\commons-io\2.11.0\commons-io-2.11.0.jar;C:\Users\Bohdan\.m2\repository\org\jsoup\jsoup\1.16.1\jsoup-1.16.1.jar;C:\Users\Bohdan\.m2\repository\com\helger\ph-css\7.0.0\ph-css-7.0.0.jar;C:\Users\Bohdan\.m2\repository\com\helger\commons\ph-commons\11.0.1\ph-commons-11.0.1.jar;C:\Users\Bohdan\.m2\repository\org\ow2\asm\asm\9.5\asm-9.5.jar;C:\Users\Bohdan\.m2\repository\com\vaadin\external\gentyref\1.2.0.vaadin1\gentyref-1.2.0.vaadin1.jar;C:\Users\Bohdan\.m2\repository\org\apache\commons\commons-compress\1.23.0\commons-compress-1.23.0.jar;C:\Users\Bohdan\.m2\repository\org\apache\httpcomponents\httpclient\4.5.14\httpclient-4.5.14.jar;C:\Users\Bohdan\.m2\repository\org\apache\httpcomponents\httpcore\4.4.16\httpcore-4.4.16.jar;C:\Users\Bohdan\.m2\repository\commons-logging\commons-logging\1.2\commons-logging-1.2.jar;C:\Users\Bohdan\.m2\repository\commons-codec\commons-codec\1.15\commons-codec-1.15.jar;C:\Users\Bohdan\.m2\repository\com\vaadin\flow-push\24.1.7\flow-push-24.1.7.jar;C:\Users\Bohdan\.m2\repository\com\vaadin\external\atmosphere\atmosphere-runtime\3.0.3.slf4jvaadin1\atmosphere-runtime-3.0.3.slf4jvaadin1.jar;C:\Users\Bohdan\.m2\repository\com\vaadin\flow-client\24.1.7\flow-client-24.1.7.jar;C:\Users\Bohdan\.m2\repository\org\springframework\spring-websocket\6.0.11\spring-websocket-6.0.11.jar;C:\Users\Bohdan\.m2\repository\org\hibernate\validator\hibernate-validator\8.0.1.Final\hibernate-validator-8.0.1.Final.jar;C:\Users\Bohdan\.m2\repository\jakarta\validation\jakarta.validation-api\3.0.2\jakarta.validation-api-3.0.2.jar;C:\Users\Bohdan\.m2\repository\org\reflections\reflections\0.10.2\reflections-0.10.2.jar;C:\Users\Bohdan\.m2\repository\org\javassist\javassist\3.28.0-GA\javassist-3.28.0-GA.jar;C:\Users\Bohdan\.m2\repository\com\google\code\findbugs\jsr305\3.0.2\jsr305-3.0.2.jar;C:\Users\Bohdan\.m2\repository\com\mysql\mysql-connector-j\8.0.33\mysql-connector-j-8.0.33.jar;C:\Users\Bohdan\.m2\repository\org\projectlombok\lombok\1.18.28\lombok-1.18.28.jar;C:\Users\Bohdan\.m2\repository\org\springframework\boot\spring-boot-starter-test\3.1.3\spring-boot-starter-test-3.1.3.jar;C:\Users\Bohdan\.m2\repository\org\springframework\boot\spring-boot-test\3.1.3\spring-boot-test-3.1.3.jar;C:\Users\Bohdan\.m2\repository\org\springframework\boot\spring-boot-test-autoconfigure\3.1.3\spring-boot-test-autoconfigure-3.1.3.jar;C:\Users\Bohdan\.m2\repository\com\jayway\jsonpath\json-path\2.8.0\json-path-2.8.0.jar;C:\Users\Bohdan\.m2\repository\jakarta\xml\bind\jakarta.xml.bind-api\4.0.0\jakarta.xml.bind-api-4.0.0.jar;C:\Users\Bohdan\.m2\repository\jakarta\activation\jakarta.activation-api\2.1.2\jakarta.activation-api-2.1.2.jar;C:\Users\Bohdan\.m2\repository\net\minidev\json-smart\2.4.11\json-smart-2.4.11.jar;C:\Users\Bohdan\.m2\repository\net\minidev\accessors-smart\2.4.11\accessors-smart-2.4.11.jar;C:\Users\Bohdan\.m2\repository\org\assertj\assertj-core\3.24.2\assertj-core-3.24.2.jar;C:\Users\Bohdan\.m2\repository\org\hamcrest\hamcrest\2.2\hamcrest-2.2.jar;C:\Users\Bohdan\.m2\repository\org\junit\jupiter\junit-jupiter\5.9.3\junit-jupiter-5.9.3.jar;C:\Users\Bohdan\.m2\repository\org\junit\jupiter\junit-jupiter-api\5.9.3\junit-jupiter-api-5.9.3.jar;C:\Users\Bohdan\.m2\repository\org\opentest4j\opentest4j\1.2.0\opentest4j-1.2.0.jar;C:\Users\Bohdan\.m2\repository\org\junit\platform\junit-platform-commons\1.9.3\junit-platform-commons-1.9.3.jar;C:\Users\Bohdan\.m2\repository\org\apiguardian\apiguardian-api\1.1.2\apiguardian-api-1.1.2.jar;C:\Users\Bohdan\.m2\repository\org\junit\jupiter\junit-jupiter-params\5.9.3\junit-jupiter-params-5.9.3.jar;C:\Users\Bohdan\.m2\repository\org\junit\jupiter\junit-jupiter-engine\5.9.3\junit-jupiter-engine-5.9.3.jar;C:\Users\Bohdan\.m2\repository\org\junit\platform\junit-platform-engine\1.9.3\junit-platform-engine-1.9.3.jar;C:\Users\Bohdan\.m2\repository\org\mockito\mockito-core\5.3.1\mockito-core-5.3.1.jar;C:\Users\Bohdan\.m2\repository\net\bytebuddy\byte-buddy-agent\1.14.6\byte-buddy-agent-1.14.6.jar;C:\Users\Bohdan\.m2\repository\org\objenesis\objenesis\3.3\objenesis-3.3.jar;C:\Users\Bohdan\.m2\repository\org\mockito\mockito-junit-jupiter\5.3.1\mockito-junit-jupiter-5.3.1.jar;C:\Users\Bohdan\.m2\repository\org\skyscreamer\jsonassert\1.5.1\jsonassert-1.5.1.jar;C:\Users\Bohdan\.m2\repository\com\vaadin\external\google\android-json\0.0.20131108.vaadin1\android-json-0.0.20131108.vaadin1.jar;C:\Users\Bohdan\.m2\repository\org\springframework\spring-core\6.0.11\spring-core-6.0.11.jar;C:\Users\Bohdan\.m2\repository\org\springframework\spring-jcl\6.0.11\spring-jcl-6.0.11.jar;C:\Users\Bohdan\.m2\repository\org\springframework\spring-test\6.0.11\spring-test-6.0.11.jar;C:\Users\Bohdan\.m2\repository\org\xmlunit\xmlunit-core\2.9.1\xmlunit-core-2.9.1.jar;C:\Users\Bohdan\.m2\repository\org\springframework\security\spring-security-test\6.1.3\spring-security-test-6.1.3.jar;C:\Users\Bohdan\.m2\repository\org\springframework\security\spring-security-core\6.1.3\spring-security-core-6.1.3.jar;C:\Users\Bohdan\.m2\repository\org\springframework\security\spring-security-crypto\6.1.3\spring-security-crypto-6.1.3.jar;C:\Users\Bohdan\.m2\repository\com\vaadin\vaadin-core\24.1.6\vaadin-core-24.1.6.jar;C:\Users\Bohdan\.m2\repository\com\vaadin\vaadin-core-internal\24.1.6\vaadin-core-internal-24.1.6.jar;C:\Users\Bohdan\.m2\repository\com\vaadin\flow-lit-template\24.1.7\flow-lit-template-24.1.7.jar;C:\Users\Bohdan\.m2\repository\com\vaadin\flow-html-components\24.1.7\flow-html-components-24.1.7.jar;C:\Users\Bohdan\.m2\repository\com\vaadin\flow-data\24.1.7\flow-data-24.1.7.jar;C:\Users\Bohdan\.m2\repository\com\vaadin\flow-dnd\24.1.7\flow-dnd-24.1.7.jar;C:\Users\Bohdan\.m2\repository\com\vaadin\vaadin-lumo-theme\24.1.6\vaadin-lumo-theme-24.1.6.jar;C:\Users\Bohdan\.m2\repository\com\vaadin\vaadin-material-theme\24.1.6\vaadin-material-theme-24.1.6.jar;C:\Users\Bohdan\.m2\repository\com\vaadin\vaadin-accordion-flow\24.1.6\vaadin-accordion-flow-24.1.6.jar;C:\Users\Bohdan\.m2\repository\com\vaadin\vaadin-avatar-flow\24.1.6\vaadin-avatar-flow-24.1.6.jar;C:\Users\Bohdan\.m2\repository\com\vaadin\vaadin-flow-components-base\24.1.6\vaadin-flow-components-base-24.1.6.jar;C:\Users\Bohdan\.m2\repository\com\vaadin\vaadin-button-flow\24.1.6\vaadin-button-flow-24.1.6.jar;C:\Users\Bohdan\.m2\repository\com\vaadin\vaadin-checkbox-flow\24.1.6\vaadin-checkbox-flow-24.1.6.jar;C:\Users\Bohdan\.m2\repository\com\vaadin\vaadin-combo-box-flow\24.1.6\vaadin-combo-box-flow-24.1.6.jar;C:\Users\Bohdan\.m2\repository\com\vaadin\vaadin-confirm-dialog-flow\24.1.6\vaadin-confirm-dialog-flow-24.1.6.jar;C:\Users\Bohdan\.m2\repository\com\vaadin\vaadin-custom-field-flow\24.1.6\vaadin-custom-field-flow-24.1.6.jar;C:\Users\Bohdan\.m2\repository\com\vaadin\vaadin-date-picker-flow\24.1.6\vaadin-date-picker-flow-24.1.6.jar;C:\Users\Bohdan\.m2\repository\com\vaadin\vaadin-date-time-picker-flow\24.1.6\vaadin-date-time-picker-flow-24.1.6.jar;C:\Users\Bohdan\.m2\repository\com\vaadin\vaadin-details-flow\24.1.6\vaadin-details-flow-24.1.6.jar;C:\Users\Bohdan\.m2\repository\com\vaadin\vaadin-time-picker-flow\24.1.6\vaadin-time-picker-flow-24.1.6.jar;C:\Users\Bohdan\.m2\repository\com\vaadin\vaadin-select-flow\24.1.6\vaadin-select-flow-24.1.6.jar;C:\Users\Bohdan\.m2\repository\com\vaadin\vaadin-side-nav-flow\24.1.6\vaadin-side-nav-flow-24.1.6.jar;C:\Users\Bohdan\.m2\repository\com\vaadin\vaadin-dialog-flow\24.1.6\vaadin-dialog-flow-24.1.6.jar;C:\Users\Bohdan\.m2\repository\com\vaadin\vaadin-form-layout-flow\24.1.6\vaadin-form-layout-flow-24.1.6.jar;C:\Users\Bohdan\.m2\repository\com\vaadin\vaadin-field-highlighter-flow\24.1.6\vaadin-field-highlighter-flow-24.1.6.jar;C:\Users\Bohdan\.m2\repository\com\vaadin\vaadin-grid-flow\24.1.6\vaadin-grid-flow-24.1.6.jar;C:\Users\Bohdan\.m2\repository\org\apache\commons\commons-lang3\3.12.0\commons-lang3-3.12.0.jar;C:\Users\Bohdan\.m2\repository\com\vaadin\vaadin-icons-flow\24.1.6\vaadin-icons-flow-24.1.6.jar;C:\Users\Bohdan\.m2\repository\com\vaadin\vaadin-virtual-list-flow\24.1.6\vaadin-virtual-list-flow-24.1.6.jar;C:\Users\Bohdan\.m2\repository\com\vaadin\vaadin-list-box-flow\24.1.6\vaadin-list-box-flow-24.1.6.jar;C:\Users\Bohdan\.m2\repository\com\vaadin\vaadin-login-flow\24.1.6\vaadin-login-flow-24.1.6.jar;C:\Users\Bohdan\.m2\repository\com\vaadin\vaadin-messages-flow\24.1.6\vaadin-messages-flow-24.1.6.jar;C:\Users\Bohdan\.m2\repository\com\vaadin\vaadin-ordered-layout-flow\24.1.6\vaadin-ordered-layout-flow-24.1.6.jar;C:\Users\Bohdan\.m2\repository\com\vaadin\vaadin-progress-bar-flow\24.1.6\vaadin-progress-bar-flow-24.1.6.jar;C:\Users\Bohdan\.m2\repository\com\vaadin\vaadin-radio-button-flow\24.1.6\vaadin-radio-button-flow-24.1.6.jar;C:\Users\Bohdan\.m2\repository\com\vaadin\vaadin-renderer-flow\24.1.6\vaadin-renderer-flow-24.1.6.jar;C:\Users\Bohdan\.m2\repository\com\vaadin\vaadin-split-layout-flow\24.1.6\vaadin-split-layout-flow-24.1.6.jar;C:\Users\Bohdan\.m2\repository\com\vaadin\vaadin-tabs-flow\24.1.6\vaadin-tabs-flow-24.1.6.jar;C:\Users\Bohdan\.m2\repository\com\vaadin\vaadin-text-field-flow\24.1.6\vaadin-text-field-flow-24.1.6.jar;C:\Users\Bohdan\.m2\repository\com\vaadin\vaadin-upload-flow\24.1.6\vaadin-upload-flow-24.1.6.jar;C:\Users\Bohdan\.m2\repository\com\vaadin\vaadin-notification-flow\24.1.6\vaadin-notification-flow-24.1.6.jar;C:\Users\Bohdan\.m2\repository\com\vaadin\vaadin-app-layout-flow\24.1.6\vaadin-app-layout-flow-24.1.6.jar;C:\Users\Bohdan\.m2\repository\com\vaadin\vaadin-context-menu-flow\24.1.6\vaadin-context-menu-flow-24.1.6.jar;C:\Users\Bohdan\.m2\repository\com\vaadin\vaadin-menu-bar-flow\24.1.6\vaadin-menu-bar-flow-24.1.6.jar;"/>
    <property name="java.vm.vendor" value="Amazon.com Inc."/>
    <property name="sun.arch.data.model" value="64"/>
    <property name="user.variant" value=""/>
    <property name="java.vendor.url" value="https://aws.amazon.com/corretto/"/>
    <property name="user.timezone" value="Europe/Kiev"/>
    <property name="os.name" value="Windows 11"/>
    <property name="java.vm.specification.version" value="17"/>
    <property name="sun.java.launcher" value="SUN_STANDARD"/>
    <property name="user.country" value="UA"/>
    <property name="sun.boot.library.path" value="C:\Users\Bohdan\.jdks\corretto-17.0.8.1\bin"/>
    <property name="sun.java.command" value="C:\Users\Bohdan\AppData\Local\Temp\surefire13615330442338573950\surefirebooter-20230827211844701_3.jar C:\Users\Bohdan\AppData\Local\Temp\surefire13615330442338573950 2023-08-27T21-18-44_301-jvmRun1 surefire-20230827211844701_1tmp surefire_0-20230827211844701_2tmp"/>
    <property name="jdk.debug" value="release"/>
    <property name="surefire.test.class.path" value="C:\Users\Bohdan\Downloads\bookstore-example-24\BankingDemo\target\test-classes;C:\Users\Bohdan\Downloads\bookstore-example-24\BankingDemo\target\classes;C:\Users\Bohdan\.m2\repository\org\springframework\boot\spring-boot-starter-data-jpa\3.1.3\spring-boot-starter-data-jpa-3.1.3.jar;C:\Users\Bohdan\.m2\repository\org\springframework\boot\spring-boot-starter-aop\3.1.3\spring-boot-starter-aop-3.1.3.jar;C:\Users\Bohdan\.m2\repository\org\aspectj\aspectjweaver\1.9.20\aspectjweaver-1.9.20.jar;C:\Users\Bohdan\.m2\repository\org\springframework\boot\spring-boot-starter-jdbc\3.1.3\spring-boot-starter-jdbc-3.1.3.jar;C:\Users\Bohdan\.m2\repository\com\zaxxer\HikariCP\5.0.1\HikariCP-5.0.1.jar;C:\Users\Bohdan\.m2\repository\org\springframework\spring-jdbc\6.0.11\spring-jdbc-6.0.11.jar;C:\Users\Bohdan\.m2\repository\org\hibernate\orm\hibernate-core\6.2.7.Final\hibernate-core-6.2.7.Final.jar;C:\Users\Bohdan\.m2\repository\jakarta\persistence\jakarta.persistence-api\3.1.0\jakarta.persistence-api-3.1.0.jar;C:\Users\Bohdan\.m2\repository\jakarta\transaction\jakarta.transaction-api\2.0.1\jakarta.transaction-api-2.0.1.jar;C:\Users\Bohdan\.m2\repository\org\jboss\logging\jboss-logging\3.5.3.Final\jboss-logging-3.5.3.Final.jar;C:\Users\Bohdan\.m2\repository\org\hibernate\common\hibernate-commons-annotations\6.0.6.Final\hibernate-commons-annotations-6.0.6.Final.jar;C:\Users\Bohdan\.m2\repository\io\smallrye\jandex\3.0.5\jandex-3.0.5.jar;C:\Users\Bohdan\.m2\repository\com\fasterxml\classmate\1.5.1\classmate-1.5.1.jar;C:\Users\Bohdan\.m2\repository\net\bytebuddy\byte-buddy\1.14.6\byte-buddy-1.14.6.jar;C:\Users\Bohdan\.m2\repository\org\glassfish\jaxb\jaxb-runtime\4.0.3\jaxb-runtime-4.0.3.jar;C:\Users\Bohdan\.m2\repository\org\glassfish\jaxb\jaxb-core\4.0.3\jaxb-core-4.0.3.jar;C:\Users\Bohdan\.m2\repository\org\eclipse\angus\angus-activation\2.0.1\angus-activation-2.0.1.jar;C:\Users\Bohdan\.m2\repository\org\glassfish\jaxb\txw2\4.0.3\txw2-4.0.3.jar;C:\Users\Bohdan\.m2\repository\com\sun\istack\istack-commons-runtime\4.1.2\istack-commons-runtime-4.1.2.jar;C:\Users\Bohdan\.m2\repository\jakarta\inject\jakarta.inject-api\2.0.1\jakarta.inject-api-2.0.1.jar;C:\Users\Bohdan\.m2\repository\org\antlr\antlr4-runtime\4.10.1\antlr4-runtime-4.10.1.jar;C:\Users\Bohdan\.m2\repository\org\springframework\data\spring-data-jpa\3.1.3\spring-data-jpa-3.1.3.jar;C:\Users\Bohdan\.m2\repository\org\springframework\data\spring-data-commons\3.1.3\spring-data-commons-3.1.3.jar;C:\Users\Bohdan\.m2\repository\org\springframework\spring-orm\6.0.11\spring-orm-6.0.11.jar;C:\Users\Bohdan\.m2\repository\org\springframework\spring-context\6.0.11\spring-context-6.0.11.jar;C:\Users\Bohdan\.m2\repository\org\springframework\spring-tx\6.0.11\spring-tx-6.0.11.jar;C:\Users\Bohdan\.m2\repository\org\springframework\spring-beans\6.0.11\spring-beans-6.0.11.jar;C:\Users\Bohdan\.m2\repository\jakarta\annotation\jakarta.annotation-api\2.1.1\jakarta.annotation-api-2.1.1.jar;C:\Users\Bohdan\.m2\repository\org\slf4j\slf4j-api\2.0.7\slf4j-api-2.0.7.jar;C:\Users\Bohdan\.m2\repository\org\springframework\spring-aspects\6.0.11\spring-aspects-6.0.11.jar;C:\Users\Bohdan\.m2\repository\org\springframework\boot\spring-boot-starter-security\3.1.3\spring-boot-starter-security-3.1.3.jar;C:\Users\Bohdan\.m2\repository\org\springframework\boot\spring-boot-starter\3.1.3\spring-boot-starter-3.1.3.jar;C:\Users\Bohdan\.m2\repository\org\springframework\boot\spring-boot\3.1.3\spring-boot-3.1.3.jar;C:\Users\Bohdan\.m2\repository\org\springframework\boot\spring-boot-autoconfigure\3.1.3\spring-boot-autoconfigure-3.1.3.jar;C:\Users\Bohdan\.m2\repository\org\springframework\boot\spring-boot-starter-logging\3.1.3\spring-boot-starter-logging-3.1.3.jar;C:\Users\Bohdan\.m2\repository\ch\qos\logback\logback-classic\1.4.11\logback-classic-1.4.11.jar;C:\Users\Bohdan\.m2\repository\ch\qos\logback\logback-core\1.4.11\logback-core-1.4.11.jar;C:\Users\Bohdan\.m2\repository\org\apache\logging\log4j\log4j-to-slf4j\2.20.0\log4j-to-slf4j-2.20.0.jar;C:\Users\Bohdan\.m2\repository\org\apache\logging\log4j\log4j-api\2.20.0\log4j-api-2.20.0.jar;C:\Users\Bohdan\.m2\repository\org\slf4j\jul-to-slf4j\2.0.7\jul-to-slf4j-2.0.7.jar;C:\Users\Bohdan\.m2\repository\org\yaml\snakeyaml\1.33\snakeyaml-1.33.jar;C:\Users\Bohdan\.m2\repository\org\springframework\spring-aop\6.0.11\spring-aop-6.0.11.jar;C:\Users\Bohdan\.m2\repository\org\springframework\security\spring-security-config\6.1.3\spring-security-config-6.1.3.jar;C:\Users\Bohdan\.m2\repository\org\springframework\security\spring-security-web\6.1.3\spring-security-web-6.1.3.jar;C:\Users\Bohdan\.m2\repository\org\springframework\spring-expression\6.0.11\spring-expression-6.0.11.jar;C:\Users\Bohdan\.m2\repository\org\springframework\boot\spring-boot-starter-web\3.1.3\spring-boot-starter-web-3.1.3.jar;C:\Users\Bohdan\.m2\repository\org\springframework\boot\spring-boot-starter-json\3.1.3\spring-boot-starter-json-3.1.3.jar;C:\Users\Bohdan\.m2\repository\com\fasterxml\jackson\core\jackson-databind\2.15.2\jackson-databind-2.15.2.jar;C:\Users\Bohdan\.m2\repository\com\fasterxml\jackson\core\jackson-annotations\2.15.2\jackson-annotations-2.15.2.jar;C:\Users\Bohdan\.m2\repository\com\fasterxml\jackson\core\jackson-core\2.15.2\jackson-core-2.15.2.jar;C:\Users\Bohdan\.m2\repository\com\fasterxml\jackson\datatype\jackson-datatype-jdk8\2.15.2\jackson-datatype-jdk8-2.15.2.jar;C:\Users\Bohdan\.m2\repository\com\fasterxml\jackson\datatype\jackson-datatype-jsr310\2.15.2\jackson-datatype-jsr310-2.15.2.jar;C:\Users\Bohdan\.m2\repository\com\fasterxml\jackson\module\jackson-module-parameter-names\2.15.2\jackson-module-parameter-names-2.15.2.jar;C:\Users\Bohdan\.m2\repository\org\springframework\boot\spring-boot-starter-tomcat\3.1.3\spring-boot-starter-tomcat-3.1.3.jar;C:\Users\Bohdan\.m2\repository\org\apache\tomcat\embed\tomcat-embed-core\10.1.12\tomcat-embed-core-10.1.12.jar;C:\Users\Bohdan\.m2\repository\org\apache\tomcat\embed\tomcat-embed-el\10.1.12\tomcat-embed-el-10.1.12.jar;C:\Users\Bohdan\.m2\repository\org\apache\tomcat\embed\tomcat-embed-websocket\10.1.12\tomcat-embed-websocket-10.1.12.jar;C:\Users\Bohdan\.m2\repository\org\springframework\spring-web\6.0.11\spring-web-6.0.11.jar;C:\Users\Bohdan\.m2\repository\io\micrometer\micrometer-observation\1.11.3\micrometer-observation-1.11.3.jar;C:\Users\Bohdan\.m2\repository\io\micrometer\micrometer-commons\1.11.3\micrometer-commons-1.11.3.jar;C:\Users\Bohdan\.m2\repository\org\springframework\spring-webmvc\6.0.11\spring-webmvc-6.0.11.jar;C:\Users\Bohdan\.m2\repository\com\vaadin\vaadin-spring-boot-starter\24.1.6\vaadin-spring-boot-starter-24.1.6.jar;C:\Users\Bohdan\.m2\repository\com\vaadin\vaadin-spring\24.1.7\vaadin-spring-24.1.7.jar;C:\Users\Bohdan\.m2\repository\com\vaadin\flow-server\24.1.7\flow-server-24.1.7.jar;C:\Users\Bohdan\.m2\repository\com\vaadin\servletdetector\throw-if-servlet3\1.0.2\throw-if-servlet3-1.0.2.jar;C:\Users\Bohdan\.m2\repository\com\vaadin\external\gwt\gwt-elemental\2.8.2.vaadin2\gwt-elemental-2.8.2.vaadin2.jar;C:\Users\Bohdan\.m2\repository\com\vaadin\flow-commons-upload\24.1.7\flow-commons-upload-24.1.7.jar;C:\Users\Bohdan\.m2\repository\commons-io\commons-io\2.11.0\commons-io-2.11.0.jar;C:\Users\Bohdan\.m2\repository\org\jsoup\jsoup\1.16.1\jsoup-1.16.1.jar;C:\Users\Bohdan\.m2\repository\com\helger\ph-css\7.0.0\ph-css-7.0.0.jar;C:\Users\Bohdan\.m2\repository\com\helger\commons\ph-commons\11.0.1\ph-commons-11.0.1.jar;C:\Users\Bohdan\.m2\repository\org\ow2\asm\asm\9.5\asm-9.5.jar;C:\Users\Bohdan\.m2\repository\com\vaadin\external\gentyref\1.2.0.vaadin1\gentyref-1.2.0.vaadin1.jar;C:\Users\Bohdan\.m2\repository\org\apache\commons\commons-compress\1.23.0\commons-compress-1.23.0.jar;C:\Users\Bohdan\.m2\repository\org\apache\httpcomponents\httpclient\4.5.14\httpclient-4.5.14.jar;C:\Users\Bohdan\.m2\repository\org\apache\httpcomponents\httpcore\4.4.16\httpcore-4.4.16.jar;C:\Users\Bohdan\.m2\repository\commons-logging\commons-logging\1.2\commons-logging-1.2.jar;C:\Users\Bohdan\.m2\repository\commons-codec\commons-codec\1.15\commons-codec-1.15.jar;C:\Users\Bohdan\.m2\repository\com\vaadin\flow-push\24.1.7\flow-push-24.1.7.jar;C:\Users\Bohdan\.m2\repository\com\vaadin\external\atmosphere\atmosphere-runtime\3.0.3.slf4jvaadin1\atmosphere-runtime-3.0.3.slf4jvaadin1.jar;C:\Users\Bohdan\.m2\repository\com\vaadin\flow-client\24.1.7\flow-client-24.1.7.jar;C:\Users\Bohdan\.m2\repository\org\springframework\spring-websocket\6.0.11\spring-websocket-6.0.11.jar;C:\Users\Bohdan\.m2\repository\org\hibernate\validator\hibernate-validator\8.0.1.Final\hibernate-validator-8.0.1.Final.jar;C:\Users\Bohdan\.m2\repository\jakarta\validation\jakarta.validation-api\3.0.2\jakarta.validation-api-3.0.2.jar;C:\Users\Bohdan\.m2\repository\org\reflections\reflections\0.10.2\reflections-0.10.2.jar;C:\Users\Bohdan\.m2\repository\org\javassist\javassist\3.28.0-GA\javassist-3.28.0-GA.jar;C:\Users\Bohdan\.m2\repository\com\google\code\findbugs\jsr305\3.0.2\jsr305-3.0.2.jar;C:\Users\Bohdan\.m2\repository\com\mysql\mysql-connector-j\8.0.33\mysql-connector-j-8.0.33.jar;C:\Users\Bohdan\.m2\repository\org\projectlombok\lombok\1.18.28\lombok-1.18.28.jar;C:\Users\Bohdan\.m2\repository\org\springframework\boot\spring-boot-starter-test\3.1.3\spring-boot-starter-test-3.1.3.jar;C:\Users\Bohdan\.m2\repository\org\springframework\boot\spring-boot-test\3.1.3\spring-boot-test-3.1.3.jar;C:\Users\Bohdan\.m2\repository\org\springframework\boot\spring-boot-test-autoconfigure\3.1.3\spring-boot-test-autoconfigure-3.1.3.jar;C:\Users\Bohdan\.m2\repository\com\jayway\jsonpath\json-path\2.8.0\json-path-2.8.0.jar;C:\Users\Bohdan\.m2\repository\jakarta\xml\bind\jakarta.xml.bind-api\4.0.0\jakarta.xml.bind-api-4.0.0.jar;C:\Users\Bohdan\.m2\repository\jakarta\activation\jakarta.activation-api\2.1.2\jakarta.activation-api-2.1.2.jar;C:\Users\Bohdan\.m2\repository\net\minidev\json-smart\2.4.11\json-smart-2.4.11.jar;C:\Users\Bohdan\.m2\repository\net\minidev\accessors-smart\2.4.11\accessors-smart-2.4.11.jar;C:\Users\Bohdan\.m2\repository\org\assertj\assertj-core\3.24.2\assertj-core-3.24.2.jar;C:\Users\Bohdan\.m2\repository\org\hamcrest\hamcrest\2.2\hamcrest-2.2.jar;C:\Users\Bohdan\.m2\repository\org\junit\jupiter\junit-jupiter\5.9.3\junit-jupiter-5.9.3.jar;C:\Users\Bohdan\.m2\repository\org\junit\jupiter\junit-jupiter-api\5.9.3\junit-jupiter-api-5.9.3.jar;C:\Users\Bohdan\.m2\repository\org\opentest4j\opentest4j\1.2.0\opentest4j-1.2.0.jar;C:\Users\Bohdan\.m2\repository\org\junit\platform\junit-platform-commons\1.9.3\junit-platform-commons-1.9.3.jar;C:\Users\Bohdan\.m2\repository\org\apiguardian\apiguardian-api\1.1.2\apiguardian-api-1.1.2.jar;C:\Users\Bohdan\.m2\repository\org\junit\jupiter\junit-jupiter-params\5.9.3\junit-jupiter-params-5.9.3.jar;C:\Users\Bohdan\.m2\repository\org\junit\jupiter\junit-jupiter-engine\5.9.3\junit-jupiter-engine-5.9.3.jar;C:\Users\Bohdan\.m2\repository\org\junit\platform\junit-platform-engine\1.9.3\junit-platform-engine-1.9.3.jar;C:\Users\Bohdan\.m2\repository\org\mockito\mockito-core\5.3.1\mockito-core-5.3.1.jar;C:\Users\Bohdan\.m2\repository\net\bytebuddy\byte-buddy-agent\1.14.6\byte-buddy-agent-1.14.6.jar;C:\Users\Bohdan\.m2\repository\org\objenesis\objenesis\3.3\objenesis-3.3.jar;C:\Users\Bohdan\.m2\repository\org\mockito\mockito-junit-jupiter\5.3.1\mockito-junit-jupiter-5.3.1.jar;C:\Users\Bohdan\.m2\repository\org\skyscreamer\jsonassert\1.5.1\jsonassert-1.5.1.jar;C:\Users\Bohdan\.m2\repository\com\vaadin\external\google\android-json\0.0.20131108.vaadin1\android-json-0.0.20131108.vaadin1.jar;C:\Users\Bohdan\.m2\repository\org\springframework\spring-core\6.0.11\spring-core-6.0.11.jar;C:\Users\Bohdan\.m2\repository\org\springframework\spring-jcl\6.0.11\spring-jcl-6.0.11.jar;C:\Users\Bohdan\.m2\repository\org\springframework\spring-test\6.0.11\spring-test-6.0.11.jar;C:\Users\Bohdan\.m2\repository\org\xmlunit\xmlunit-core\2.9.1\xmlunit-core-2.9.1.jar;C:\Users\Bohdan\.m2\repository\org\springframework\security\spring-security-test\6.1.3\spring-security-test-6.1.3.jar;C:\Users\Bohdan\.m2\repository\org\springframework\security\spring-security-core\6.1.3\spring-security-core-6.1.3.jar;C:\Users\Bohdan\.m2\repository\org\springframework\security\spring-security-crypto\6.1.3\spring-security-crypto-6.1.3.jar;C:\Users\Bohdan\.m2\repository\com\vaadin\vaadin-core\24.1.6\vaadin-core-24.1.6.jar;C:\Users\Bohdan\.m2\repository\com\vaadin\vaadin-core-internal\24.1.6\vaadin-core-internal-24.1.6.jar;C:\Users\Bohdan\.m2\repository\com\vaadin\flow-lit-template\24.1.7\flow-lit-template-24.1.7.jar;C:\Users\Bohdan\.m2\repository\com\vaadin\flow-html-components\24.1.7\flow-html-components-24.1.7.jar;C:\Users\Bohdan\.m2\repository\com\vaadin\flow-data\24.1.7\flow-data-24.1.7.jar;C:\Users\Bohdan\.m2\repository\com\vaadin\flow-dnd\24.1.7\flow-dnd-24.1.7.jar;C:\Users\Bohdan\.m2\repository\com\vaadin\vaadin-lumo-theme\24.1.6\vaadin-lumo-theme-24.1.6.jar;C:\Users\Bohdan\.m2\repository\com\vaadin\vaadin-material-theme\24.1.6\vaadin-material-theme-24.1.6.jar;C:\Users\Bohdan\.m2\repository\com\vaadin\vaadin-accordion-flow\24.1.6\vaadin-accordion-flow-24.1.6.jar;C:\Users\Bohdan\.m2\repository\com\vaadin\vaadin-avatar-flow\24.1.6\vaadin-avatar-flow-24.1.6.jar;C:\Users\Bohdan\.m2\repository\com\vaadin\vaadin-flow-components-base\24.1.6\vaadin-flow-components-base-24.1.6.jar;C:\Users\Bohdan\.m2\repository\com\vaadin\vaadin-button-flow\24.1.6\vaadin-button-flow-24.1.6.jar;C:\Users\Bohdan\.m2\repository\com\vaadin\vaadin-checkbox-flow\24.1.6\vaadin-checkbox-flow-24.1.6.jar;C:\Users\Bohdan\.m2\repository\com\vaadin\vaadin-combo-box-flow\24.1.6\vaadin-combo-box-flow-24.1.6.jar;C:\Users\Bohdan\.m2\repository\com\vaadin\vaadin-confirm-dialog-flow\24.1.6\vaadin-confirm-dialog-flow-24.1.6.jar;C:\Users\Bohdan\.m2\repository\com\vaadin\vaadin-custom-field-flow\24.1.6\vaadin-custom-field-flow-24.1.6.jar;C:\Users\Bohdan\.m2\repository\com\vaadin\vaadin-date-picker-flow\24.1.6\vaadin-date-picker-flow-24.1.6.jar;C:\Users\Bohdan\.m2\repository\com\vaadin\vaadin-date-time-picker-flow\24.1.6\vaadin-date-time-picker-flow-24.1.6.jar;C:\Users\Bohdan\.m2\repository\com\vaadin\vaadin-details-flow\24.1.6\vaadin-details-flow-24.1.6.jar;C:\Users\Bohdan\.m2\repository\com\vaadin\vaadin-time-picker-flow\24.1.6\vaadin-time-picker-flow-24.1.6.jar;C:\Users\Bohdan\.m2\repository\com\vaadin\vaadin-select-flow\24.1.6\vaadin-select-flow-24.1.6.jar;C:\Users\Bohdan\.m2\repository\com\vaadin\vaadin-side-nav-flow\24.1.6\vaadin-side-nav-flow-24.1.6.jar;C:\Users\Bohdan\.m2\repository\com\vaadin\vaadin-dialog-flow\24.1.6\vaadin-dialog-flow-24.1.6.jar;C:\Users\Bohdan\.m2\repository\com\vaadin\vaadin-form-layout-flow\24.1.6\vaadin-form-layout-flow-24.1.6.jar;C:\Users\Bohdan\.m2\repository\com\vaadin\vaadin-field-highlighter-flow\24.1.6\vaadin-field-highlighter-flow-24.1.6.jar;C:\Users\Bohdan\.m2\repository\com\vaadin\vaadin-grid-flow\24.1.6\vaadin-grid-flow-24.1.6.jar;C:\Users\Bohdan\.m2\repository\org\apache\commons\commons-lang3\3.12.0\commons-lang3-3.12.0.jar;C:\Users\Bohdan\.m2\repository\com\vaadin\vaadin-icons-flow\24.1.6\vaadin-icons-flow-24.1.6.jar;C:\Users\Bohdan\.m2\repository\com\vaadin\vaadin-virtual-list-flow\24.1.6\vaadin-virtual-list-flow-24.1.6.jar;C:\Users\Bohdan\.m2\repository\com\vaadin\vaadin-list-box-flow\24.1.6\vaadin-list-box-flow-24.1.6.jar;C:\Users\Bohdan\.m2\repository\com\vaadin\vaadin-login-flow\24.1.6\vaadin-login-flow-24.1.6.jar;C:\Users\Bohdan\.m2\repository\com\vaadin\vaadin-messages-flow\24.1.6\vaadin-messages-flow-24.1.6.jar;C:\Users\Bohdan\.m2\repository\com\vaadin\vaadin-ordered-layout-flow\24.1.6\vaadin-ordered-layout-flow-24.1.6.jar;C:\Users\Bohdan\.m2\repository\com\vaadin\vaadin-progress-bar-flow\24.1.6\vaadin-progress-bar-flow-24.1.6.jar;C:\Users\Bohdan\.m2\repository\com\vaadin\vaadin-radio-button-flow\24.1.6\vaadin-radio-button-flow-24.1.6.jar;C:\Users\Bohdan\.m2\repository\com\vaadin\vaadin-renderer-flow\24.1.6\vaadin-renderer-flow-24.1.6.jar;C:\Users\Bohdan\.m2\repository\com\vaadin\vaadin-split-layout-flow\24.1.6\vaadin-split-layout-flow-24.1.6.jar;C:\Users\Bohdan\.m2\repository\com\vaadin\vaadin-tabs-flow\24.1.6\vaadin-tabs-flow-24.1.6.jar;C:\Users\Bohdan\.m2\repository\com\vaadin\vaadin-text-field-flow\24.1.6\vaadin-text-field-flow-24.1.6.jar;C:\Users\Bohdan\.m2\repository\com\vaadin\vaadin-upload-flow\24.1.6\vaadin-upload-flow-24.1.6.jar;C:\Users\Bohdan\.m2\repository\com\vaadin\vaadin-notification-flow\24.1.6\vaadin-notification-flow-24.1.6.jar;C:\Users\Bohdan\.m2\repository\com\vaadin\vaadin-app-layout-flow\24.1.6\vaadin-app-layout-flow-24.1.6.jar;C:\Users\Bohdan\.m2\repository\com\vaadin\vaadin-context-menu-flow\24.1.6\vaadin-context-menu-flow-24.1.6.jar;C:\Users\Bohdan\.m2\repository\com\vaadin\vaadin-menu-bar-flow\24.1.6\vaadin-menu-bar-flow-24.1.6.jar;"/>
    <property name="sun.cpu.endian" value="little"/>
    <property name="user.home" value="C:\Users\Bohdan"/>
    <property name="user.language" value="uk"/>
    <property name="java.specification.vendor" value="Oracle Corporation"/>
    <property name="java.version.date" value="2023-08-22"/>
    <property name="java.home" value="C:\Users\Bohdan\.jdks\corretto-17.0.8.1"/>
    <property name="file.separator" value="\"/>
    <property name="basedir" value="C:\Users\Bohdan\Downloads\bookstore-example-24\BankingDemo"/>
    <property name="java.vm.compressedOopsMode" value="Zero based"/>
    <property name="line.separator" value="&#10;"/>
    <property name="java.vm.specification.vendor" value="Oracle Corporation"/>
    <property name="java.specification.name" value="Java Platform API Specification"/>
    <property name="surefire.real.class.path" value="C:\Users\Bohdan\AppData\Local\Temp\surefire13615330442338573950\surefirebooter-20230827211844701_3.jar"/>
    <property name="user.script" value=""/>
    <property name="sun.management.compiler" value="HotSpot 64-Bit Tiered Compilers"/>
    <property name="java.runtime.version" value="17.0.8.1+8-LTS"/>
    <property name="user.name" value="Bohdan"/>
    <property name="path.separator" value=";"/>
    <property name="os.version" value="10.0"/>
    <property name="java.runtime.name" value="OpenJDK Runtime Environment"/>
    <property name="file.encoding" value="Cp1251"/>
    <property name="java.vm.name" value="OpenJDK 64-Bit Server VM"/>
    <property name="java.vendor.version" value="Corretto-17.0.8.8.1"/>
    <property name="localRepository" value="C:\Users\Bohdan\.m2\repository"/>
    <property name="java.vendor.url.bug" value="https://github.com/corretto/corretto-17/issues/"/>
    <property name="java.io.tmpdir" value="C:\Users\Bohdan\AppData\Local\Temp\"/>
    <property name="idea.version" value="2023.2"/>
    <property name="java.version" value="17.0.8.1"/>
    <property name="user.dir" value="C:\Users\Bohdan\Downloads\bookstore-example-24\BankingDemo"/>
    <property name="os.arch" value="amd64"/>
    <property name="java.vm.specification.name" value="Java Virtual Machine Specification"/>
    <property name="sun.os.patch.level" value=""/>
    <property name="native.encoding" value="Cp1251"/>
    <property name="java.library.path" value="C:\Users\Bohdan\.jdks\corretto-17.0.8.1\bin;C:\Windows\Sun\Java\bin;C:\Windows\system32;C:\Windows;C:\Program Files (x86)\Common Files\Oracle\Java\javapath;C:\Windows\system32;C:\Windows;C:\Windows\System32\Wbem;C:\Windows\System32\WindowsPowerShell\v1.0\;C:\Windows\System32\OpenSSH\;C:\Program Files\Git\cmd;C:\Program Files\MySQL\MySQL Shell 8.0\bin\;C:\Users\Bohdan\AppData\Local\Microsoft\WindowsApps;;C:\Program Files\JetBrains\IntelliJ IDEA 2023.1\bin;;."/>
    <property name="java.vm.info" value="mixed mode, sharing"/>
    <property name="java.vendor" value="Amazon.com Inc."/>
    <property name="java.vm.version" value="17.0.8.1+8-LTS"/>
    <property name="sun.io.unicode.encoding" value="UnicodeLittle"/>
    <property name="java.class.version" value="61.0"/>
  </properties>
  <testcase name="sendMoneyWhenCardFromBlocked" classname="bakingappdemo.service.CardServiceTest" time="1.416"/>
  <testcase name="addCard" classname="bakingappdemo.service.CardServiceTest" time="0.019"/>
  <testcase name="sendMoneyWhenBalanceLessThenSum" classname="bakingappdemo.service.CardServiceTest" time="0.006"/>
  <testcase name="sendMoneyWhenCardFromDoesNotExist" classname="bakingappdemo.service.CardServiceTest" time="0.008"/>
  <testcase name="sendMoneyWhenAllValid" classname="bakingappdemo.service.CardServiceTest" time="0.011"/>
  <testcase name="sendMoneyWhenCardToBlocked" classname="bakingappdemo.service.CardServiceTest" time="0.004"/>
  <testcase name="sendMoneyWhenCardToDoesNotExist" classname="bakingappdemo.service.CardServiceTest" time="0.005"/>
</testsuite>